/*	$NetBSD: ncr53cxxx.c,v 1.17 2022/04/21 21:31:11 andvar Exp $	*/
/*
 *	DO NOT EDIT - this file is automatically generated.
 *	created from inq.ss on Thu Jun  4 10:25:56 2026
 */
const u_int32_t scripts[] = {
	0x47000000, 0x00000078,			/* 000 -   0 */
	0x86830000, 0x00000068,			/* 008 -   8 */
	0x1e000004, 0x00000004,			/* 010 -  16 */
	0x82830000, 0x00000058,			/* 018 -  24 */
	0x60000008, 0x00000000,			/* 020 -  32 */
	0x1a00000c, 0x0000000c,			/* 028 -  40 */
	0x81830000, 0x00000040,			/* 030 -  48 */
	0x1900003c, 0x0000003c,			/* 038 -  56 */
	0x83830000, 0x00000030,			/* 040 -  64 */
	0x1b000014, 0x00000014,			/* 048 -  72 */
	0x87830000, 0x00000020,			/* 050 -  80 */
	0x1f00001c, 0x0000001c,			/* 058 -  88 */
	0x60000040, 0x00000000,			/* 060 -  96 */
	0x48000000, 0x00000000,			/* 068 - 104 */
	0x98080000, 0x0000ff00,			/* 070 - 112 */
	0x98080000, 0x0000ff05,			/* 078 - 120 */
	0x98080000, 0x0000ff10,			/* 080 - 128 */
};

#define	A_ds_Device	0x00000000
#define	A_ds_MsgOut	0x00000004
#define	A_ds_Cmd	0x0000000c
#define	A_ds_Status	0x00000014
#define	A_ds_Msg	0x0000001c
#define	A_ds_MsgIn	0x00000024
#define	A_ds_ExtMsg	0x0000002c
#define	A_ds_SyncMsg	0x00000034
#define	A_ds_Data1	0x0000003c
#define	A_ok	0x0000ff00
#define	A_seltimeout_v	0x0000ff10
#define	A_err5	0x0000ff05
#define	Ent_scripts	0x00000000
